update-alternatives 2016-08-03 15:23:13: run with --quiet --install /usr/bin/awk awk /usr/bin/mawk 5 --slave /usr/share/man/man1/awk.1.gz awk.1.gz /usr/share/man/man1/mawk.1.gz --slave /usr/bin/nawk nawk /usr/bin/mawk --slave /usr/share/man/man1/nawk.1.gz nawk.1.gz /usr/share/man/man1/mawk.1.gz
update-alternatives 2016-08-03 15:23:13: link group awk updated to point to /usr/bin/mawk
update-alternatives 2016-08-03 15:23:22: run with --install /bin/mt mt /bin/mt-gnu 10 --slave /usr/share/man/man1/mt.1.gz mt.1.gz /usr/share/man/man1/mt-gnu.1.gz
update-alternatives 2016-08-03 15:23:22: link group mt updated to point to /bin/mt-gnu
update-alternatives 2016-08-03 15:23:22: run with --quiet --install /usr/bin/awk awk /usr/bin/mawk 5 --slave /usr/share/man/man1/awk.1.gz awk.1.gz /usr/share/man/man1/mawk.1.gz --slave /usr/bin/nawk nawk /usr/bin/mawk --slave /usr/share/man/man1/nawk.1.gz nawk.1.gz /usr/share/man/man1/mawk.1.gz
update-alternatives 2016-08-03 15:23:28: run with --install /usr/sbin/rmt rmt /usr/sbin/rmt-tar 50 --slave /usr/share/man/man8/rmt.8.gz rmt.8.gz /usr/share/man/man8/rmt-tar.8.gz
update-alternatives 2016-08-03 15:23:28: link group rmt updated to point to /usr/sbin/rmt-tar
update-alternatives 2016-08-03 15:23:29: run with --install /usr/share/man/man7/builtins.7.gz builtins.7.gz /usr/share/man/man7/bash-builtins.7.gz 10
update-alternatives 2016-08-03 15:23:29: link group builtins.7.gz updated to point to /usr/share/man/man7/bash-builtins.7.gz
update-alternatives 2016-08-03 15:23:30: run with --install /usr/bin/pager pager /bin/more 50 --slave /usr/share/man/man1/pager.1.gz pager.1.gz /usr/share/man/man1/more.1.gz
update-alternatives 2016-08-03 15:23:30: link group pager updated to point to /bin/more
update-alternatives 2016-08-03 15:23:30: run with --install /usr/bin/pager pager /usr/bin/pg 10 --slave /usr/share/man/man1/pager.1.gz pager.1.gz /usr/share/man/man1/pg.1.gz
update-alternatives 2016-08-03 15:23:30: run with --install /usr/bin/w w /usr/bin/w.procps 50 --slave /usr/share/man/man1/w.1.gz w.1.gz /usr/share/man/man1/w.procps.1.gz
update-alternatives 2016-08-03 15:23:30: link group w updated to point to /usr/bin/w.procps
update-alternatives 2016-08-03 15:23:41: run with --install /etc/newt/palette newt-palette /etc/newt/palette.ubuntu 50
update-alternatives 2016-08-03 15:23:41: link group newt-palette updated to point to /etc/newt/palette.ubuntu
update-alternatives 2016-08-03 15:23:41: run with --install /etc/newt/palette newt-palette /etc/newt/palette.original 20
update-alternatives 2016-08-03 15:23:42: run with --install /usr/bin/view view /usr/bin/see 1 --slave /usr/share/man/man1/view.1.gz view.1.gz /usr/share/man/man1/see.1.gz
update-alternatives 2016-08-03 15:23:42: link group view updated to point to /usr/bin/see
update-alternatives 2016-08-03 15:23:42: run with --install /usr/bin/rview rview /usr/bin/vim.tiny 10
update-alternatives 2016-08-03 15:23:42: link group rview updated to point to /usr/bin/vim.tiny
update-alternatives 2016-08-03 15:23:42: run with --install /usr/bin/vi vi /usr/bin/vim.tiny 10 --slave /usr/share/man/fr/man1/vi.1.gz vi.fr.1.gz /usr/share/man/fr/man1/vim.1.gz --slave /usr/share/man/it/man1/vi.1.gz vi.it.1.gz /usr/share/man/it/man1/vim.1.gz --slave /usr/share/man/pl/man1/vi.1.gz vi.pl.1.gz /usr/share/man/pl/man1/vim.1.gz --slave /usr/share/man/ru/man1/vi.1.gz vi.ru.1.gz /usr/share/man/ru/man1/vim.1.gz --slave /usr/share/man/ja/man1/vi.1.gz vi.ja.1.gz /usr/share/man/ja/man1/vim.1.gz --slave /usr/share/man/man1/vi.1.gz vi.1.gz /usr/share/man/man1/vim.1.gz
update-alternatives 2016-08-03 15:23:42: link group vi updated to point to /usr/bin/vim.tiny
update-alternatives 2016-08-03 15:23:42: run with --install /usr/bin/view view /usr/bin/vim.tiny 10 --slave /usr/share/man/fr/man1/view.1.gz view.fr.1.gz /usr/share/man/fr/man1/vim.1.gz --slave /usr/share/man/it/man1/view.1.gz view.it.1.gz /usr/share/man/it/man1/vim.1.gz --slave /usr/share/man/pl/man1/view.1.gz view.pl.1.gz /usr/share/man/pl/man1/vim.1.gz --slave /usr/share/man/ru/man1/view.1.gz view.ru.1.gz /usr/share/man/ru/man1/vim.1.gz --slave /usr/share/man/ja/man1/view.1.gz view.ja.1.gz /usr/share/man/ja/man1/vim.1.gz --slave /usr/share/man/man1/view.1.gz view.1.gz /usr/share/man/man1/vim.1.gz
update-alternatives 2016-08-03 15:23:42: link group view updated to point to /usr/bin/vim.tiny
update-alternatives 2016-08-03 15:23:42: run with --install /usr/bin/ex ex /usr/bin/vim.tiny 10 --slave /usr/share/man/fr/man1/ex.1.gz ex.fr.1.gz /usr/share/man/fr/man1/vim.1.gz --slave /usr/share/man/it/man1/ex.1.gz ex.it.1.gz /usr/share/man/it/man1/vim.1.gz --slave /usr/share/man/pl/man1/ex.1.gz ex.pl.1.gz /usr/share/man/pl/man1/vim.1.gz --slave /usr/share/man/ru/man1/ex.1.gz ex.ru.1.gz /usr/share/man/ru/man1/vim.1.gz --slave /usr/share/man/ja/man1/ex.1.gz ex.ja.1.gz /usr/share/man/ja/man1/vim.1.gz --slave /usr/share/man/man1/ex.1.gz ex.1.gz /usr/share/man/man1/vim.1.gz
update-alternatives 2016-08-03 15:23:42: link group ex updated to point to /usr/bin/vim.tiny
update-alternatives 2016-08-03 15:23:42: run with --install /usr/bin/editor editor /usr/bin/vim.tiny 10 --slave /usr/share/man/fr/man1/editor.1.gz editor.fr.1.gz /usr/share/man/fr/man1/vim.1.gz --slave /usr/share/man/it/man1/editor.1.gz editor.it.1.gz /usr/share/man/it/man1/vim.1.gz --slave /usr/share/man/pl/man1/editor.1.gz editor.pl.1.gz /usr/share/man/pl/man1/vim.1.gz --slave /usr/share/man/ru/man1/editor.1.gz editor.ru.1.gz /usr/share/man/ru/man1/vim.1.gz --slave /usr/share/man/ja/man1/editor.1.gz editor.ja.1.gz /usr/share/man/ja/man1/vim.1.gz --slave /usr/share/man/man1/editor.1.gz editor.1.gz /usr/share/man/man1/vim.1.gz
update-alternatives 2016-08-03 15:23:42: link group editor updated to point to /usr/bin/vim.tiny
update-alternatives 2016-08-03 15:23:42: run with --quiet --install /usr/bin/pager pager /bin/less 77 --slave /usr/share/man/man1/pager.1.gz pager.1.gz /usr/share/man/man1/less.1.gz
update-alternatives 2016-08-03 15:23:42: link group pager updated to point to /bin/less
update-alternatives 2016-08-03 15:23:42: run with --quiet --install /usr/bin/pager pager /bin/less 77 --slave /usr/share/man/man1/pager.1.gz pager.1.gz /usr/share/man/man1/less.1.gz
update-alternatives 2016-08-03 15:23:42: run with --install /bin/nc nc /bin/nc.openbsd 50 --slave /bin/netcat netcat /bin/nc.openbsd --slave /usr/share/man/man1/nc.1.gz nc.1.gz /usr/share/man/man1/nc_openbsd.1.gz --slave /usr/share/man/man1/netcat.1.gz netcat.1.gz /usr/share/man/man1/nc_openbsd.1.gz
update-alternatives 2016-08-03 15:23:42: link group nc updated to point to /bin/nc.openbsd
update-alternatives 2016-08-03 15:23:48: run with --install /etc/vtrgb vtrgb /etc/console-setup/vtrgb 50
update-alternatives 2016-08-03 15:23:48: link group vtrgb updated to point to /etc/console-setup/vtrgb
update-alternatives 2016-08-03 15:23:48: run with --install /etc/vtrgb vtrgb /etc/console-setup/vtrgb.vga 20
update-alternatives 2016-08-03 15:23:48: run with --install /usr/bin/rename rename /usr/bin/prename 60 --slave /usr/share/man/man1/rename.1.gz rename.1.gz /usr/share/man/man1/prename.1.gz
update-alternatives 2016-08-03 15:23:48: link group rename updated to point to /usr/bin/prename
update-alternatives 2016-08-03 15:24:01: run with --remove builtins.7.gz /usr/share/man/man7/bash-builtins.7.gz
update-alternatives 2016-08-03 15:24:01: link group builtins.7.gz fully removed
update-alternatives 2016-08-03 15:24:01: run with --install /usr/share/man/man7/builtins.7.gz builtins.7.gz /usr/share/man/man7/bash-builtins.7.gz 10
update-alternatives 2016-08-03 15:24:01: link group builtins.7.gz updated to point to /usr/share/man/man7/bash-builtins.7.gz
update-alternatives 2016-08-03 15:24:06: run with --install /usr/bin/pager pager /bin/more 50 --slave /usr/share/man/man1/pager.1.gz pager.1.gz /usr/share/man/man1/more.1.gz
update-alternatives 2016-08-03 15:24:06: run with --install /usr/bin/pager pager /usr/bin/pg 10 --slave /usr/share/man/man1/pager.1.gz pager.1.gz /usr/share/man/man1/pg.1.gz
update-alternatives 2016-08-03 15:24:17: run with --install /usr/bin/w w /usr/bin/w.procps 50 --slave /usr/share/man/man1/w.1.gz w.1.gz /usr/share/man/man1/w.procps.1.gz
update-alternatives 2016-08-03 15:24:17: run with --install /usr/bin/view view /usr/bin/see 1 --slave /usr/share/man/man1/view.1.gz view.1.gz /usr/share/man/man1/see.1.gz
update-alternatives 2016-08-03 15:24:20: run with --install /bin/mt mt /bin/mt-gnu 10 --slave /usr/share/man/man1/mt.1.gz mt.1.gz /usr/share/man/man1/mt-gnu.1.gz
update-alternatives 2016-08-03 15:24:22: run with --install /usr/bin/rename rename /usr/bin/prename 60 --slave /usr/share/man/man1/rename.1.gz rename.1.gz /usr/share/man/man1/prename.1.gz
update-alternatives 2016-08-03 15:30:36: run with --install /usr/bin/write write /usr/bin/bsd-write 100 --slave /usr/share/man/man1/write.1.gz write.1.gz /usr/share/man/man1/bsd-write.1.gz
update-alternatives 2016-08-03 15:30:36: link group write updated to point to /usr/bin/bsd-write
update-alternatives 2016-08-03 15:30:36: run with --install /usr/bin/from from /usr/bin/bsd-from 10 --slave /usr/share/man/man1/from.1.gz from.1.gz /usr/share/man/man1/bsd-from.1.gz
update-alternatives 2016-08-03 15:30:36: link group from updated to point to /usr/bin/bsd-from
update-alternatives 2016-08-03 15:31:17: run with --install /usr/share/fonts/truetype/fonts-japanese-gothic.ttf fonts-japanese-gothic.ttf /usr/share/fonts/truetype/takao-gothic/TakaoPGothic.ttf 130
update-alternatives 2016-08-03 15:31:17: link group fonts-japanese-gothic.ttf updated to point to /usr/share/fonts/truetype/takao-gothic/TakaoPGothic.ttf
update-alternatives 2016-08-03 15:31:19: run with --force --install /etc/ld.so.conf.d/i386-linux-gnu_EGL.conf i386-linux-gnu_egl_conf /usr/lib/i386-linux-gnu/mesa-egl/ld.so.conf 500
update-alternatives 2016-08-03 15:31:19: link group i386-linux-gnu_egl_conf updated to point to /usr/lib/i386-linux-gnu/mesa-egl/ld.so.conf
update-alternatives 2016-08-03 15:31:20: run with --force --install /etc/ld.so.conf.d/i386-linux-gnu_GL.conf i386-linux-gnu_gl_conf /usr/lib/i386-linux-gnu/mesa/ld.so.conf 500 --slave /usr/lib/i386-linux-gnu/xorg/extra-modules i386-linux-gnu_xorg_extra_modules /usr/lib/i386-linux-gnu/xorg/x11-extra-modules
update-alternatives 2016-08-03 15:31:20: link group i386-linux-gnu_gl_conf updated to point to /usr/lib/i386-linux-gnu/mesa/ld.so.conf
update-alternatives 2016-08-03 15:31:26: run with --install /usr/share/ghostscript/current ghostscript-current /usr/share/ghostscript/9.10 910
update-alternatives 2016-08-03 15:31:26: link group ghostscript-current updated to point to /usr/share/ghostscript/9.10
update-alternatives 2016-08-03 15:31:33: run with --install /usr/lib/i386-linux-gnu/libtxc_dxtn.so libtxc-dxtn-i386-linux-gnu /usr/lib/i386-linux-gnu/libtxc_dxtn_s2tc.so.0 10
update-alternatives 2016-08-03 15:31:33: link group libtxc-dxtn-i386-linux-gnu updated to point to /usr/lib/i386-linux-gnu/libtxc_dxtn_s2tc.so.0
update-alternatives 2016-08-03 15:31:40: run with --quiet --install /usr/bin/editor editor /bin/ed -100 --slave /usr/share/man/man1/editor.1.gz editor.1.gz /usr/share/man/man1/ed.1.gz
update-alternatives 2016-08-03 15:31:40: run with --install /usr/bin/ftp ftp /usr/bin/netkit-ftp 100 --slave /usr/share/man/man1/ftp.1.gz ftp.1.gz /usr/share/man/man1/netkit-ftp.1.gz
update-alternatives 2016-08-03 15:31:40: link group ftp updated to point to /usr/bin/netkit-ftp
update-alternatives 2016-08-03 15:31:40: run with --install /usr/bin/infobrowser infobrowser /usr/bin/info 60 --slave /usr/share/man/man1/infobrowser.1.gz infobrowser.1.gz /usr/share/man/man1/info.1.gz
update-alternatives 2016-08-03 15:31:40: link group infobrowser updated to point to /usr/bin/info
update-alternatives 2016-08-03 15:31:40: run with --install /usr/bin/traceroute6 traceroute6 /usr/bin/traceroute6.iputils 100 --slave /usr/share/man/man8/traceroute6.8.gz traceroute6.8.gz /usr/share/man/man8/traceroute6.iputils.8.gz
update-alternatives 2016-08-03 15:31:40: link group traceroute6 updated to point to /usr/bin/traceroute6.iputils
update-alternatives 2016-08-03 15:31:41: run with --install /usr/bin/locate locate /usr/bin/mlocate 80 --slave /usr/share/man/man1/locate.1.gz locate.1.gz /usr/share/man/man1/mlocate.1.gz --slave /usr/bin/updatedb updatedb /usr/bin/updatedb.mlocate
update-alternatives 2016-08-03 15:31:41: link group locate updated to point to /usr/bin/mlocate
update-alternatives 2016-08-03 15:31:42: run with --install /usr/bin/editor editor /bin/nano 40 --slave /usr/share/man/man1/editor.1.gz editor.1.gz /usr/share/man/man1/nano.1.gz
update-alternatives 2016-08-03 15:31:42: link group editor updated to point to /bin/nano
update-alternatives 2016-08-03 15:31:42: run with --install /usr/bin/pico pico /bin/nano 10 --slave /usr/share/man/man1/pico.1.gz pico.1.gz /usr/share/man/man1/nano.1.gz
update-alternatives 2016-08-03 15:31:42: link group pico updated to point to /bin/nano
update-alternatives 2016-08-03 15:31:42: run with --quiet --install /usr/bin/rsh rsh /usr/bin/ssh 20 --slave /usr/share/man/man1/rsh.1.gz rsh.1.gz /usr/share/man/man1/ssh.1.gz
update-alternatives 2016-08-03 15:31:42: link group rsh updated to point to /usr/bin/ssh
update-alternatives 2016-08-03 15:31:42: run with --quiet --install /usr/bin/rlogin rlogin /usr/bin/slogin 20 --slave /usr/share/man/man1/rlogin.1.gz rlogin.1.gz /usr/share/man/man1/slogin.1.gz
update-alternatives 2016-08-03 15:31:42: link group rlogin updated to point to /usr/bin/slogin
update-alternatives 2016-08-03 15:31:42: run with --quiet --install /usr/bin/rcp rcp /usr/bin/scp 20 --slave /usr/share/man/man1/rcp.1.gz rcp.1.gz /usr/share/man/man1/scp.1.gz
update-alternatives 2016-08-03 15:31:42: link group rcp updated to point to /usr/bin/scp
update-alternatives 2016-08-03 15:31:42: run with --install /lib/plymouth/themes/text.plymouth text.plymouth /lib/plymouth/themes/ubuntu-text/ubuntu-text.plymouth 50
update-alternatives 2016-08-03 15:31:42: link group text.plymouth updated to point to /lib/plymouth/themes/ubuntu-text/ubuntu-text.plymouth
update-alternatives 2016-08-03 15:31:42: run with --install /usr/bin/telnet telnet /usr/bin/telnet.netkit 100 --slave /usr/share/man/man1/telnet.1.gz telnet.1.gz /usr/share/man/man1/telnet.netkit.1.gz
update-alternatives 2016-08-03 15:31:42: link group telnet updated to point to /usr/bin/telnet.netkit
update-alternatives 2016-08-03 15:31:50: run with --install /usr/bin/lzma lzma /usr/bin/xz 20 --slave /usr/share/man/man1/lzma.1.gz lzma.1.gz /usr/share/man/man1/xz.1.gz --slave /usr/bin/unlzma unlzma /usr/bin/unxz --slave /usr/share/man/man1/unlzma.1.gz unlzma.1.gz /usr/share/man/man1/unxz.1.gz --slave /usr/bin/lzcat lzcat /usr/bin/xzcat --slave /usr/share/man/man1/lzcat.1.gz lzcat.1.gz /usr/share/man/man1/xzcat.1.gz --slave /usr/bin/lzmore lzmore /usr/bin/xzmore --slave /usr/share/man/man1/lzmore.1.gz lzmore.1.gz /usr/share/man/man1/xzmore.1.gz --slave /usr/bin/lzless lzless /usr/bin/xzless --slave /usr/share/man/man1/lzless.1.gz lzless.1.gz /usr/share/man/man1/xzless.1.gz --slave /usr/bin/lzdiff lzdiff /usr/bin/xzdiff --slave /usr/share/man/man1/lzdiff.1.gz lzdiff.1.gz /usr/share/man/man1/xzdiff.1.gz --slave /usr/bin/lzcmp lzcmp /usr/bin/xzcmp --slave /usr/share/man/man1/lzcmp.1.gz lzcmp.1.gz /usr/share/man/man1/xzcmp.1.gz --slave /usr/bin/lzgrep lzgrep /usr/bin/xzgrep --slave /usr/share/man/man1/lzgrep.1.gz lzgrep.1.gz /usr/share/man/man1/xzgrep.1.gz --slave /usr/bin/lzegrep lzegrep /usr/bin/xzegrep --slave /usr/share/man/man1/lzegrep.1.gz lzegrep.1.gz /usr/share/man/man1/xzegrep.1.gz --slave /usr/bin/lzfgrep lzfgrep /usr/bin/xzfgrep --slave /usr/share/man/man1/lzfgrep.1.gz lzfgrep.1.gz /usr/share/man/man1/xzfgrep.1.gz
update-alternatives 2016-08-03 15:31:50: link group lzma updated to point to /usr/bin/xz
update-alternatives 2016-08-03 15:31:58: run with --quiet --install /lib/cpp cpp /usr/bin/cpp 10
update-alternatives 2016-08-03 15:31:58: link group cpp updated to point to /usr/bin/cpp
update-alternatives 2016-08-03 15:31:59: run with --install /usr/share/icons/default/index.theme x-cursor-theme /usr/share/icons/DMZ-White/cursor.theme 100
update-alternatives 2016-08-03 15:31:59: link group x-cursor-theme updated to point to /usr/share/icons/DMZ-White/cursor.theme
update-alternatives 2016-08-03 15:31:59: run with --install /usr/share/icons/default/index.theme x-cursor-theme /usr/share/icons/DMZ-Black/cursor.theme 30
update-alternatives 2016-08-03 15:31:59: run with --quiet --install /usr/bin/cc cc /usr/bin/gcc 20 --slave /usr/share/man/man1/cc.1.gz cc.1.gz /usr/share/man/man1/gcc.1.gz
update-alternatives 2016-08-03 15:31:59: link group cc updated to point to /usr/bin/gcc
update-alternatives 2016-08-03 15:31:59: run with --quiet --install /usr/bin/c89 c89 /usr/bin/c89-gcc 20 --slave /usr/share/man/man1/c89.1.gz c89.1.gz /usr/share/man/man1/c89-gcc.1.gz
update-alternatives 2016-08-03 15:31:59: link group c89 updated to point to /usr/bin/c89-gcc
update-alternatives 2016-08-03 15:31:59: run with --quiet --install /usr/bin/c99 c99 /usr/bin/c99-gcc 20 --slave /usr/share/man/man1/c99.1.gz c99.1.gz /usr/share/man/man1/c99-gcc.1.gz
update-alternatives 2016-08-03 15:31:59: link group c99 updated to point to /usr/bin/c99-gcc
update-alternatives 2016-08-03 15:32:47: run with --install /lib/plymouth/themes/default.plymouth default.plymouth /lib/plymouth/themes/ubuntu-logo/ubuntu-logo.plymouth 100 --slave /lib/plymouth/themes/default.grub default.plymouth.grub /lib/plymouth/themes/ubuntu-logo/ubuntu-logo.grub
update-alternatives 2016-08-03 15:32:47: link group default.plymouth updated to point to /lib/plymouth/themes/ubuntu-logo/ubuntu-logo.plymouth
update-alternatives 2016-08-03 15:32:47: run with --install /lib/plymouth/themes/default.plymouth default.plymouth /lib/plymouth/themes/ubuntu-logo/ubuntu-logo-scale-2.plymouth 99 --slave /lib/plymouth/themes/default.grub default.plymouth.grub /lib/plymouth/themes/ubuntu-logo/ubuntu-logo.grub
update-alternatives 2016-08-03 15:32:55: run with --quiet --install /usr/bin/ssh-askpass ssh-askpass /usr/lib/openssh/gnome-ssh-askpass 30 --slave /usr/share/man/man1/ssh-askpass.1.gz ssh-askpass.1.gz /usr/share/man/man1/gnome-ssh-askpass.1.gz
update-alternatives 2016-08-03 15:32:55: link group ssh-askpass updated to point to /usr/lib/openssh/gnome-ssh-askpass
update-alternatives 2016-08-03 15:32:57: run with --install /usr/share/icons/default/index.theme x-cursor-theme /etc/X11/cursors/core.theme 30
update-alternatives 2016-08-03 15:32:57: run with --install /usr/share/icons/default/index.theme x-cursor-theme /etc/X11/cursors/redglass.theme 20
update-alternatives 2016-08-03 15:32:57: run with --install /usr/share/icons/default/index.theme x-cursor-theme /etc/X11/cursors/whiteglass.theme 20
update-alternatives 2016-08-03 15:32:57: run with --install /usr/share/icons/default/index.theme x-cursor-theme /etc/X11/cursors/handhelds.theme 20
update-alternatives 2016-08-03 15:33:04: run with --install /usr/bin/x-terminal-emulator x-terminal-emulator /usr/bin/xterm 20 --slave /usr/share/man/man1/x-terminal-emulator.1.gz x-terminal-emulator.1.gz /usr/share/man/man1/xterm.1.gz
update-alternatives 2016-08-03 15:33:04: link group x-terminal-emulator updated to point to /usr/bin/xterm
update-alternatives 2016-08-03 15:33:04: run with --install /usr/bin/x-terminal-emulator x-terminal-emulator /usr/bin/uxterm 20 --slave /usr/share/man/man1/x-terminal-emulator.1.gz x-terminal-emulator.1.gz /usr/share/man/man1/uxterm.1.gz
update-alternatives 2016-08-03 15:33:04: run with --install /usr/bin/x-terminal-emulator x-terminal-emulator /usr/bin/koi8rxterm 20 --slave /usr/share/man/man1/x-terminal-emulator.1.gz x-terminal-emulator.1.gz /usr/share/man/man1/koi8rxterm.1.gz
update-alternatives 2016-08-03 15:33:04: run with --install /usr/bin/x-terminal-emulator x-terminal-emulator /usr/bin/lxterm 30 --slave /usr/share/man/man1/x-terminal-emulator.1.gz x-terminal-emulator.1.gz /usr/share/man/man1/lxterm.1.gz
update-alternatives 2016-08-03 15:33:04: link group x-terminal-emulator updated to point to /usr/bin/lxterm
update-alternatives 2016-08-03 15:33:07: run with --install /usr/bin/gnome-www-browser gnome-www-browser /usr/bin/firefox 40
update-alternatives 2016-08-03 15:33:07: link group gnome-www-browser updated to point to /usr/bin/firefox
update-alternatives 2016-08-03 15:33:07: run with --install /usr/bin/x-www-browser x-www-browser /usr/bin/firefox 40
update-alternatives 2016-08-03 15:33:07: link group x-www-browser updated to point to /usr/bin/firefox
update-alternatives 2016-08-03 15:33:12: run with --install /usr/bin/x-session-manager x-session-manager /usr/bin/gnome-session 50 --slave /usr/share/man/man1/x-session-manager.1.gz x-session-manager.1.gz /usr/share/man/man1/gnome-session.1.gz
update-alternatives 2016-08-03 15:33:12: link group x-session-manager updated to point to /usr/bin/gnome-session
update-alternatives 2016-08-03 15:33:31: run with --install /usr/bin/gstreamer-codec-install gstreamer-codec-install /usr/bin/gst-install 80
update-alternatives 2016-08-03 15:33:31: link group gstreamer-codec-install updated to point to /usr/bin/gst-install
update-alternatives 2016-08-03 15:33:33: run with --install /usr/bin/gnome-text-editor gnome-text-editor /usr/bin/gedit 50 --slave /usr/share/man/man1/gnome-text-editor.1.gz gnome-text-editor.1.gz /usr/share/man/man1/gedit.1.gz
update-alternatives 2016-08-03 15:33:33: link group gnome-text-editor updated to point to /usr/bin/gedit
update-alternatives 2016-08-03 15:33:43: run with --install /usr/bin/gconftool gconftool /usr/bin/gconftool-2 25 --slave /usr/share/man/man1/gconftool.1.gz gconftool.1.gz /usr/share/man/man1/gconftool-2.1.gz
update-alternatives 2016-08-03 15:33:43: link group gconftool updated to point to /usr/bin/gconftool-2
update-alternatives 2016-08-03 15:33:48: run with --install /usr/bin/x-terminal-emulator x-terminal-emulator /usr/bin/gnome-terminal.wrapper 40 --slave /usr/share/man/man1/x-terminal-emulator.1.gz x-terminal-emulator.1.gz /usr/share/man/man1/gnome-terminal.1.gz
update-alternatives 2016-08-03 15:33:48: link group x-terminal-emulator updated to point to /usr/bin/gnome-terminal.wrapper
update-alternatives 2016-08-03 15:35:34: run with --install /usr/bin/x-window-manager x-window-manager /usr/bin/metacity 60 --slave /usr/share/man/man1/x-window-manager.1.gz x-window-manager.1.gz /usr/share/man/man1/metacity.1.gz
update-alternatives 2016-08-03 15:35:34: link group x-window-manager updated to point to /usr/bin/metacity
